<?xml version="1.0" encoding="UTF-8"?>
<!-- Generated by org.testng.reporters.JUnitReportReporter -->
<testsuite skipped="0" hostname="DESKTOP-VLQB1T1" name="in.zipgo.automation_framework.tests.PerformanceTests" tests="1" failures="0" timestamp="15 Mar 2018 04:49:33 GMT" time="50.800" errors="0">
  <testcase name="samplePerformanceTests" time="50.800" classname="in.zipgo.automation_framework.tests.PerformanceTests"/>
</testsuite> <!-- in.zipgo.automation_framework.tests.PerformanceTests -->
