<?xml version="1.0" encoding="UTF-8"?>
<!-- Generated by org.testng.reporters.JUnitReportReporter -->
<testsuite skipped="0" hostname="DESKTOP-VLQB1T1" name="in.zipgo.automation_framework.tests.RegressionLevelthreeMembership" tests="3" failures="0" timestamp="14 Mar 2018 09:42:52 GMT" time="50.321" errors="0">
  <testcase name="opendashboard" time="12.678" classname="in.zipgo.automation_framework.tests.RegressionLevelthreeMembership"/>
  <testcase name="logintodashboard" time="8.193" classname="in.zipgo.automation_framework.tests.RegressionLevelthreeMembership"/>
  <testcase name="discountbasedmembership" time="29.450" classname="in.zipgo.automation_framework.tests.RegressionLevelthreeMembership"/>
</testsuite> <!-- in.zipgo.automation_framework.tests.RegressionLevelthreeMembership -->
