<?xml version="1.0" encoding="UTF-8"?>
<!-- Generated by org.testng.reporters.JUnitReportReporter -->
<testsuite skipped="0" hostname="DESKTOP-VLQB1T1" name="in.zipgo.automation_framework.tests.MoneyAutomation" tests="3" failures="0" timestamp="18 Jul 2018 09:12:10 GMT" time="43.366" errors="0">
  <testcase name="opendashboard" time="11.770" classname="in.zipgo.automation_framework.tests.MoneyAutomation"/>
  <testcase name="logintodashboard" time="9.637" classname="in.zipgo.automation_framework.tests.MoneyAutomation"/>
  <testcase name="virtualcustbalcheck" time="21.959" classname="in.zipgo.automation_framework.tests.MoneyAutomation"/>
</testsuite> <!-- in.zipgo.automation_framework.tests.MoneyAutomation -->
