<?xml version="1.0" encoding="UTF-8"?>
<!-- Generated by org.testng.reporters.JUnitReportReporter -->
<testsuite skipped="0" hostname="DESKTOP-VLQB1T1" name="in.zipgo.automation_framework.tests.RegressionLevelOne" tests="12" failures="0" timestamp="19 Jul 2018 06:55:41 GMT" time="475.565" errors="0">
  <testcase name="opendashboard" time="12.729" classname="in.zipgo.automation_framework.tests.RegressionLevelOne"/>
  <testcase name="logintodashboard" time="9.689" classname="in.zipgo.automation_framework.tests.RegressionLevelOne"/>
  <testcase name="createTrip" time="168.520" classname="in.zipgo.automation_framework.tests.RegressionLevelOne"/>
  <testcase name="cabtripattendance" time="28.635" classname="in.zipgo.automation_framework.tests.RegressionLevelOne"/>
  <testcase name="manualDelay" time="11.979" classname="in.zipgo.automation_framework.tests.RegressionLevelOne"/>
  <testcase name="cancelfirsttrip" time="51.501" classname="in.zipgo.automation_framework.tests.RegressionLevelOne"/>
  <testcase name="transfercabtrip" time="20.136" classname="in.zipgo.automation_framework.tests.RegressionLevelOne"/>
  <testcase name="startendtrip" time="33.962" classname="in.zipgo.automation_framework.tests.RegressionLevelOne"/>
  <testcase name="opendashboard1" time="13.044" classname="in.zipgo.automation_framework.tests.RegressionLevelOne"/>
  <testcase name="logintodashboard1" time="9.940" classname="in.zipgo.automation_framework.tests.RegressionLevelOne"/>
  <testcase name="createnewOrder" time="62.958" classname="in.zipgo.automation_framework.tests.RegressionLevelOne"/>
  <testcase name="validate_cab_attendance" time="52.472" classname="in.zipgo.automation_framework.tests.RegressionLevelOne"/>
</testsuite> <!-- in.zipgo.automation_framework.tests.RegressionLevelOne -->
