<?xml version="1.0" encoding="UTF-8"?>
<!-- Generated by org.testng.reporters.JUnitReportReporter -->
<testsuite skipped="0" hostname="DESKTOP-VLQB1T1" name="in.zipgo.automation_framework.tests.CreateNewRoute" tests="3" failures="0" timestamp="12 Jun 2018 07:26:14 GMT" time="79.114" errors="0">
  <testcase name="opendashboard" time="18.985" classname="in.zipgo.automation_framework.tests.CreateNewRoute"/>
  <testcase name="logintodashboard" time="9.787" classname="in.zipgo.automation_framework.tests.CreateNewRoute"/>
  <testcase name="createNewRoute" time="50.342" classname="in.zipgo.automation_framework.tests.CreateNewRoute"/>
</testsuite> <!-- in.zipgo.automation_framework.tests.CreateNewRoute -->
